0 info it worked if it ends with ok
1 verbose cli [ '/usr/bin/node', '/usr/bin/npm', 'run', 'd' ]
2 info using npm@3.10.10
3 info using node@v6.10.3
4 verbose run-script [ 'pred', 'd', 'postd' ]
5 info lifecycle gitbook-documentation@1.0.0~pred: gitbook-documentation@1.0.0
6 silly lifecycle gitbook-documentation@1.0.0~pred: no script for pred, continuing
7 info lifecycle gitbook-documentation@1.0.0~d: gitbook-documentation@1.0.0
8 verbose lifecycle gitbook-documentation@1.0.0~d: unsafe-perm in lifecycle true
9 verbose lifecycle gitbook-documentation@1.0.0~d: PATH: /usr/lib/node_modules/npm/bin/node-gyp-bin:/root/gitbooks/gitbook/gitbook-documentation/node_modules/.bin:/usr/local/sbin:/usr/local/bin:/usr/sbin:/usr/bin:/sbin:/bin
10 verbose lifecycle gitbook-documentation@1.0.0~d: CWD: /root/gitbooks/gitbook/gitbook-documentation
11 silly lifecycle gitbook-documentation@1.0.0~d: Args: [ '-c',
11 silly lifecycle   'npm run b && node scripts/deploy-gh-pages.js && node scripts/auto-bak.js' ]
12 silly lifecycle gitbook-documentation@1.0.0~d: Returned: code: 1  signal: null
13 info lifecycle gitbook-documentation@1.0.0~d: Failed to exec d script
14 verbose stack Error: gitbook-documentation@1.0.0 d: `npm run b && node scripts/deploy-gh-pages.js && node scripts/auto-bak.js`
14 verbose stack Exit status 1
14 verbose stack     at EventEmitter.<anonymous> (/usr/lib/node_modules/npm/lib/utils/lifecycle.js:255:16)
14 verbose stack     at emitTwo (events.js:106:13)
14 verbose stack     at EventEmitter.emit (events.js:191:7)
14 verbose stack     at ChildProcess.<anonymous> (/usr/lib/node_modules/npm/lib/utils/spawn.js:40:14)
14 verbose stack     at emitTwo (events.js:106:13)
14 verbose stack     at ChildProcess.emit (events.js:191:7)
14 verbose stack     at maybeClose (internal/child_process.js:886:16)
14 verbose stack     at Process.ChildProcess._handle.onexit (internal/child_process.js:226:5)
15 verbose pkgid gitbook-documentation@1.0.0
16 verbose cwd /root/gitbooks/gitbook/gitbook-documentation
17 error Linux 4.9.36-moby
18 error argv "/usr/bin/node" "/usr/bin/npm" "run" "d"
19 error node v6.10.3
20 error npm  v3.10.10
21 error code ELIFECYCLE
22 error gitbook-documentation@1.0.0 d: `npm run b && node scripts/deploy-gh-pages.js && node scripts/auto-bak.js`
22 error Exit status 1
23 error Failed at the gitbook-documentation@1.0.0 d script 'npm run b && node scripts/deploy-gh-pages.js && node scripts/auto-bak.js'.
23 error Make sure you have the latest version of node.js and npm installed.
23 error If you do, this is most likely a problem with the gitbook-documentation package,
23 error not with npm itself.
23 error Tell the author that this fails on your system:
23 error     npm run b && node scripts/deploy-gh-pages.js && node scripts/auto-bak.js
23 error You can get information on how to open an issue for this project with:
23 error     npm bugs gitbook-documentation
23 error Or if that isn't available, you can get their info via:
23 error     npm owner ls gitbook-documentation
23 error There is likely additional logging output above.
24 verbose exit [ 1, true ]
